Info: Starting: Create block symbol file (.bsf)
Info: qsys-generate C:\Users\loz\Development\8bitFPGA\sap_1_altera\virtual_IO_8_bit.qsys --block-symbol-file --output-directory=C:\Users\loz\Development\8bitFPGA\sap_1_altera\virtual_IO_8_bit --family="Cyclone IV E" --part=EP4CE6F17C8
Progress: Loading sap_1_altera/virtual_IO_8_bit.qsys
Progress: Reading input file
Progress: Adding in_system_sources_probes_0 [altera_in_system_sources_probes 22.1]
Progress: Parameterizing module in_system_sources_probes_0
Progress: Building connections
Progress: Parameterizing connections
Progress: Validating
Progress: Done reading input file
Info: qsys-generate succeeded.
Info: Finished: Create block symbol file (.bsf)
Info: 
Info: Starting: Create HDL design files for synthesis
Info: qsys-generate C:\Users\loz\Development\8bitFPGA\sap_1_altera\virtual_IO_8_bit.qsys --synthesis=VERILOG --output-directory=C:\Users\loz\Development\8bitFPGA\sap_1_altera\virtual_IO_8_bit\synthesis --family="Cyclone IV E" --part=EP4CE6F17C8
Progress: Loading sap_1_altera/virtual_IO_8_bit.qsys
Progress: Reading input file
Progress: Adding in_system_sources_probes_0 [altera_in_system_sources_probes 22.1]
Progress: Parameterizing module in_system_sources_probes_0
Progress: Building connections
Progress: Parameterizing connections
Progress: Validating
Progress: Done reading input file
Info: virtual_IO_8_bit: Generating virtual_IO_8_bit "virtual_IO_8_bit" for QUARTUS_SYNTH
Info: in_system_sources_probes_0: "virtual_IO_8_bit" instantiated altera_in_system_sources_probes "in_system_sources_probes_0"
Info: virtual_IO_8_bit: Done "virtual_IO_8_bit" with 2 modules, 2 files
Info: qsys-generate succeeded.
Info: Finished: Create HDL design files for synthesis
