Analysis & Synthesis report for SAP1
Sat Apr  1 15:07:14 2023
Quartus Prime Version 22.1std.1 Build 917 02/14/2023 SC Lite Edition


---------------------
; Table of Contents ;
---------------------
  1. Legal Notice
  2. Analysis & Synthesis Summary
  3. Analysis & Synthesis Settings
  4. Parallel Compilation
  5. Analysis & Synthesis Source Files Read
  6. Analysis & Synthesis Resource Usage Summary
  7. Analysis & Synthesis Resource Utilization by Entity
  8. Registers Removed During Synthesis
  9. General Register Statistics
 10. Inverted Register Statistics
 11. Multiplexer Restructuring Statistics (Restructuring Performed)
 12. Parameter Settings for User Entity Instance: seg_scan:seg_scan_m0
 13. Parameter Settings for User Entity Instance: clock_pulser:clock_pulser_inst0|debounce:debounce_inst0
 14. Port Connectivity Checks: "clock_pulser:clock_pulser_inst0|debounce:debounce_inst0"
 15. Port Connectivity Checks: "seg_scan:seg_scan_m0"
 16. Post-Synthesis Netlist Statistics for Top Partition
 17. Elapsed Time Per Partition
 18. Analysis & Synthesis Messages



----------------
; Legal Notice ;
----------------
Copyright (C) 2023  Intel Corporation. All rights reserved.
Your use of Intel Corporation's design tools, logic functions 
and other software and tools, and any partner logic 
functions, and any output files from any of the foregoing 
(including device programming or simulation files), and any 
associated documentation or information are expressly subject 
to the terms and conditions of the Intel Program License 
Subscription Agreement, the Intel Quartus Prime License Agreement,
the Intel FPGA IP License Agreement, or other applicable license
agreement, including, without limitation, that your use is for
the sole purpose of programming logic devices manufactured by
Intel and sold by Intel or its authorized distributors.  Please
refer to the applicable agreement for further details, at
https://fpgasoftware.intel.com/eula.



+-------------------------------------------------------------------------------------+
; Analysis & Synthesis Summary                                                        ;
+------------------------------------+------------------------------------------------+
; Analysis & Synthesis Status        ; Successful - Sat Apr  1 15:07:14 2023          ;
; Quartus Prime Version              ; 22.1std.1 Build 917 02/14/2023 SC Lite Edition ;
; Revision Name                      ; SAP1                                           ;
; Top-level Entity Name              ; top                                            ;
; Family                             ; Cyclone IV E                                   ;
; Total logic elements               ; 131                                            ;
;     Total combinational functions  ; 129                                            ;
;     Dedicated logic registers      ; 68                                             ;
; Total registers                    ; 68                                             ;
; Total pins                         ; 21                                             ;
; Total virtual pins                 ; 0                                              ;
; Total memory bits                  ; 0                                              ;
; Embedded Multiplier 9-bit elements ; 0                                              ;
; Total PLLs                         ; 0                                              ;
+------------------------------------+------------------------------------------------+


+------------------------------------------------------------------------------------------------------------+
; Analysis & Synthesis Settings                                                                              ;
+------------------------------------------------------------------+--------------------+--------------------+
; Option                                                           ; Setting            ; Default Value      ;
+------------------------------------------------------------------+--------------------+--------------------+
; Device                                                           ; EP4CE6F17C8        ;                    ;
; Top-level entity name                                            ; top                ; SAP1               ;
; Family name                                                      ; Cyclone IV E       ; Cyclone V          ;
; Use smart compilation                                            ; Off                ; Off                ;
; Enable parallel Assembler and Timing Analyzer during compilation ; On                 ; On                 ;
; Enable compact report table                                      ; Off                ; Off                ;
; Restructure Multiplexers                                         ; Auto               ; Auto               ;
; Create Debugging Nodes for IP Cores                              ; Off                ; Off                ;
; Preserve fewer node names                                        ; On                 ; On                 ;
; Intel FPGA IP Evaluation Mode                                    ; Enable             ; Enable             ;
; Verilog Version                                                  ; Verilog_2001       ; Verilog_2001       ;
; VHDL Version                                                     ; VHDL_1993          ; VHDL_1993          ;
; State Machine Processing                                         ; Auto               ; Auto               ;
; Safe State Machine                                               ; Off                ; Off                ;
; Extract Verilog State Machines                                   ; On                 ; On                 ;
; Extract VHDL State Machines                                      ; On                 ; On                 ;
; Ignore Verilog initial constructs                                ; Off                ; Off                ;
; Iteration limit for constant Verilog loops                       ; 5000               ; 5000               ;
; Iteration limit for non-constant Verilog loops                   ; 250                ; 250                ;
; Add Pass-Through Logic to Inferred RAMs                          ; On                 ; On                 ;
; Infer RAMs from Raw Logic                                        ; On                 ; On                 ;
; Parallel Synthesis                                               ; On                 ; On                 ;
; DSP Block Balancing                                              ; Auto               ; Auto               ;
; NOT Gate Push-Back                                               ; On                 ; On                 ;
; Power-Up Don't Care                                              ; On                 ; On                 ;
; Remove Redundant Logic Cells                                     ; Off                ; Off                ;
; Remove Duplicate Registers                                       ; On                 ; On                 ;
; Ignore CARRY Buffers                                             ; Off                ; Off                ;
; Ignore CASCADE Buffers                                           ; Off                ; Off                ;
; Ignore GLOBAL Buffers                                            ; Off                ; Off                ;
; Ignore ROW GLOBAL Buffers                                        ; Off                ; Off                ;
; Ignore LCELL Buffers                                             ; Off                ; Off                ;
; Ignore SOFT Buffers                                              ; On                 ; On                 ;
; Limit AHDL Integers to 32 Bits                                   ; Off                ; Off                ;
; Optimization Technique                                           ; Balanced           ; Balanced           ;
; Carry Chain Length                                               ; 70                 ; 70                 ;
; Auto Carry Chains                                                ; On                 ; On                 ;
; Auto Open-Drain Pins                                             ; On                 ; On                 ;
; Perform WYSIWYG Primitive Resynthesis                            ; Off                ; Off                ;
; Auto ROM Replacement                                             ; On                 ; On                 ;
; Auto RAM Replacement                                             ; On                 ; On                 ;
; Auto DSP Block Replacement                                       ; On                 ; On                 ;
; Auto Shift Register Replacement                                  ; Auto               ; Auto               ;
; Allow Shift Register Merging across Hierarchies                  ; Auto               ; Auto               ;
; Auto Clock Enable Replacement                                    ; On                 ; On                 ;
; Strict RAM Replacement                                           ; Off                ; Off                ;
; Allow Synchronous Control Signals                                ; On                 ; On                 ;
; Force Use of Synchronous Clear Signals                           ; Off                ; Off                ;
; Auto RAM Block Balancing                                         ; On                 ; On                 ;
; Auto RAM to Logic Cell Conversion                                ; Off                ; Off                ;
; Auto Resource Sharing                                            ; Off                ; Off                ;
; Allow Any RAM Size For Recognition                               ; Off                ; Off                ;
; Allow Any ROM Size For Recognition                               ; Off                ; Off                ;
; Allow Any Shift Register Size For Recognition                    ; Off                ; Off                ;
; Use LogicLock Constraints during Resource Balancing              ; On                 ; On                 ;
; Ignore translate_off and synthesis_off directives                ; Off                ; Off                ;
; Timing-Driven Synthesis                                          ; On                 ; On                 ;
; Report Parameter Settings                                        ; On                 ; On                 ;
; Report Source Assignments                                        ; On                 ; On                 ;
; Report Connectivity Checks                                       ; On                 ; On                 ;
; Ignore Maximum Fan-Out Assignments                               ; Off                ; Off                ;
; Synchronization Register Chain Length                            ; 2                  ; 2                  ;
; Power Optimization During Synthesis                              ; Normal compilation ; Normal compilation ;
; HDL message level                                                ; Level2             ; Level2             ;
; Suppress Register Optimization Related Messages                  ; Off                ; Off                ;
; Number of Removed Registers Reported in Synthesis Report         ; 5000               ; 5000               ;
; Number of Swept Nodes Reported in Synthesis Report               ; 5000               ; 5000               ;
; Number of Inverted Registers Reported in Synthesis Report        ; 100                ; 100                ;
; Clock MUX Protection                                             ; On                 ; On                 ;
; Auto Gated Clock Conversion                                      ; Off                ; Off                ;
; Block Design Naming                                              ; Auto               ; Auto               ;
; SDC constraint protection                                        ; Off                ; Off                ;
; Synthesis Effort                                                 ; Auto               ; Auto               ;
; Shift Register Replacement - Allow Asynchronous Clear Signal     ; On                 ; On                 ;
; Pre-Mapping Resynthesis Optimization                             ; Off                ; Off                ;
; Analysis & Synthesis Message Level                               ; Medium             ; Medium             ;
; Disable Register Merging Across Hierarchies                      ; Auto               ; Auto               ;
; Resource Aware Inference For Block RAM                           ; On                 ; On                 ;
+------------------------------------------------------------------+--------------------+--------------------+


+------------------------------------------+
; Parallel Compilation                     ;
+----------------------------+-------------+
; Processors                 ; Number      ;
+----------------------------+-------------+
; Number detected on machine ; 4           ;
; Maximum allowed            ; 4           ;
;                            ;             ;
; Average used               ; 1.00        ;
; Maximum used               ; 4           ;
;                            ;             ;
; Usage by Processor         ; % Time Used ;
;     Processor 1            ; 100.0%      ;
;     Processor 2            ;   0.0%      ;
;     Processors 3-4         ;   0.0%      ;
+----------------------------+-------------+


+-----------------------------------------------------------------------------------------------------------------------------------------------------------+
; Analysis & Synthesis Source Files Read                                                                                                                    ;
+----------------------------------+-----------------+------------------------+-------------------------------------------------------------------+---------+
; File Name with User-Entered Path ; Used in Netlist ; File Type              ; File Name with Absolute Path                                      ; Library ;
+----------------------------------+-----------------+------------------------+-------------------------------------------------------------------+---------+
; src/seg_scan.v                   ; yes             ; User Verilog HDL File  ; C:/Users/loz/Development/8bitFPGA/sap_1_altera/src/seg_scan.v     ;         ;
; src/seg_decoder.v                ; yes             ; User Verilog HDL File  ; C:/Users/loz/Development/8bitFPGA/sap_1_altera/src/seg_decoder.v  ;         ;
; src/top.v                        ; yes             ; User Verilog HDL File  ; C:/Users/loz/Development/8bitFPGA/sap_1_altera/src/top.v          ;         ;
; src/sap_register.v               ; yes             ; User Verilog HDL File  ; C:/Users/loz/Development/8bitFPGA/sap_1_altera/src/sap_register.v ;         ;
; src/debounce.v                   ; yes             ; User Verilog HDL File  ; C:/Users/loz/Development/8bitFPGA/sap_1_altera/src/debounce.v     ;         ;
; src/one_shot.v                   ; yes             ; User Verilog HDL File  ; C:/Users/loz/Development/8bitFPGA/sap_1_altera/src/one_shot.v     ;         ;
; src/clock_pulser.v               ; yes             ; User Verilog HDL File  ; C:/Users/loz/Development/8bitFPGA/sap_1_altera/src/clock_pulser.v ;         ;
+----------------------------------+-----------------+------------------------+-------------------------------------------------------------------+---------+


+-----------------------------------------------------------+
; Analysis & Synthesis Resource Usage Summary               ;
+---------------------------------------------+-------------+
; Resource                                    ; Usage       ;
+---------------------------------------------+-------------+
; Estimated Total logic elements              ; 131         ;
;                                             ;             ;
; Total combinational functions               ; 129         ;
; Logic element usage by number of LUT inputs ;             ;
;     -- 4 input functions                    ; 61          ;
;     -- 3 input functions                    ; 17          ;
;     -- <=2 input functions                  ; 51          ;
;                                             ;             ;
; Logic elements by mode                      ;             ;
;     -- normal mode                          ; 91          ;
;     -- arithmetic mode                      ; 38          ;
;                                             ;             ;
; Total registers                             ; 68          ;
;     -- Dedicated logic registers            ; 68          ;
;     -- I/O registers                        ; 0           ;
;                                             ;             ;
; I/O pins                                    ; 21          ;
;                                             ;             ;
; Embedded Multiplier 9-bit elements          ; 0           ;
;                                             ;             ;
; Maximum fan-out node                        ; rst_n~input ;
; Maximum fan-out                             ; 67          ;
; Total fan-out                               ; 677         ;
; Average fan-out                             ; 2.83        ;
+---------------------------------------------+-------------+


+--------------------------------------------------------------------------------------------------------------------------------------------------------------------------------------------------------------------------------------------------------------+
; Analysis & Synthesis Resource Utilization by Entity                                                                                                                                                                                                          ;
+--------------------------------------+---------------------+---------------------------+-------------+--------------+---------+-----------+------+--------------+--------------------------------------------------------------+--------------+--------------+
; Compilation Hierarchy Node           ; Combinational ALUTs ; Dedicated Logic Registers ; Memory Bits ; DSP Elements ; DSP 9x9 ; DSP 18x18 ; Pins ; Virtual Pins ; Full Hierarchy Name                                          ; Entity Name  ; Library Name ;
+--------------------------------------+---------------------+---------------------------+-------------+--------------+---------+-----------+------+--------------+--------------------------------------------------------------+--------------+--------------+
; |top                                 ; 129 (18)            ; 68 (8)                    ; 0           ; 0            ; 0       ; 0         ; 21   ; 0            ; |top                                                         ; top          ; work         ;
;    |clock_pulser:clock_pulser_inst0| ; 0 (0)               ; 2 (0)                     ; 0           ; 0            ; 0       ; 0         ; 0    ; 0            ; |top|clock_pulser:clock_pulser_inst0                         ; clock_pulser ; work         ;
;       |one_shot:one_shot_inst0|      ; 0 (0)               ; 2 (2)                     ; 0           ; 0            ; 0       ; 0         ; 0    ; 0            ; |top|clock_pulser:clock_pulser_inst0|one_shot:one_shot_inst0 ; one_shot     ; work         ;
;    |sap_register:sap_register_inst0| ; 8 (8)               ; 8 (8)                     ; 0           ; 0            ; 0       ; 0         ; 0    ; 0            ; |top|sap_register:sap_register_inst0                         ; sap_register ; work         ;
;    |seg_decoder:seg_decoder_m0|      ; 7 (7)               ; 0 (0)                     ; 0           ; 0            ; 0       ; 0         ; 0    ; 0            ; |top|seg_decoder:seg_decoder_m0                              ; seg_decoder  ; work         ;
;    |seg_decoder:seg_decoder_m1|      ; 6 (6)               ; 0 (0)                     ; 0           ; 0            ; 0       ; 0         ; 0    ; 0            ; |top|seg_decoder:seg_decoder_m1                              ; seg_decoder  ; work         ;
;    |seg_decoder:seg_decoder_m6|      ; 7 (7)               ; 0 (0)                     ; 0           ; 0            ; 0       ; 0         ; 0    ; 0            ; |top|seg_decoder:seg_decoder_m6                              ; seg_decoder  ; work         ;
;    |seg_decoder:seg_decoder_m7|      ; 6 (6)               ; 0 (0)                     ; 0           ; 0            ; 0       ; 0         ; 0    ; 0            ; |top|seg_decoder:seg_decoder_m7                              ; seg_decoder  ; work         ;
;    |seg_scan:seg_scan_m0|            ; 77 (77)             ; 50 (50)                   ; 0           ; 0            ; 0       ; 0         ; 0    ; 0            ; |top|seg_scan:seg_scan_m0                                    ; seg_scan     ; work         ;
+--------------------------------------+---------------------+---------------------------+-------------+--------------+---------+-----------+------+--------------+--------------------------------------------------------------+--------------+--------------+
Note: For table entries with two numbers listed, the numbers in parentheses indicate the number of resources of the given type used by the specific entity alone. The numbers listed outside of parentheses indicate the total resources of the given type used by the specific entity and all of its sub-entities in the hierarchy.


+--------------------------------------------------------------------------------+
; Registers Removed During Synthesis                                             ;
+---------------------------------------+----------------------------------------+
; Register name                         ; Reason for Removal                     ;
+---------------------------------------+----------------------------------------+
; seg_scan:seg_scan_m0|seg_data[7]      ; Stuck at VCC due to stuck port data_in ;
; seg_scan:seg_scan_m0|scan_sel[3]      ; Stuck at GND due to stuck port data_in ;
; Total Number of Removed Registers = 2 ;                                        ;
+---------------------------------------+----------------------------------------+


+------------------------------------------------------+
; General Register Statistics                          ;
+----------------------------------------------+-------+
; Statistic                                    ; Value ;
+----------------------------------------------+-------+
; Total registers                              ; 68    ;
; Number of registers using Synchronous Clear  ; 32    ;
; Number of registers using Synchronous Load   ; 8     ;
; Number of registers using Asynchronous Clear ; 51    ;
; Number of registers using Asynchronous Load  ; 0     ;
; Number of registers using Clock Enable       ; 17    ;
; Number of registers using Preset             ; 0     ;
+----------------------------------------------+-------+


+---------------------------------------------------+
; Inverted Register Statistics                      ;
+-----------------------------------------+---------+
; Inverted Register                       ; Fan out ;
+-----------------------------------------+---------+
; seg_scan:seg_scan_m0|seg_sel[0]         ; 1       ;
; seg_scan:seg_scan_m0|seg_sel[1]         ; 1       ;
; seg_scan:seg_scan_m0|seg_sel[2]         ; 1       ;
; seg_scan:seg_scan_m0|seg_sel[3]         ; 1       ;
; seg_scan:seg_scan_m0|seg_sel[4]         ; 1       ;
; seg_scan:seg_scan_m0|seg_sel[5]         ; 1       ;
; seg_scan:seg_scan_m0|seg_sel[6]         ; 1       ;
; seg_scan:seg_scan_m0|seg_sel[7]         ; 1       ;
; seg_scan:seg_scan_m0|seg_data[0]        ; 1       ;
; seg_scan:seg_scan_m0|seg_data[1]        ; 1       ;
; seg_scan:seg_scan_m0|seg_data[2]        ; 1       ;
; seg_scan:seg_scan_m0|seg_data[3]        ; 1       ;
; seg_scan:seg_scan_m0|seg_data[4]        ; 1       ;
; seg_scan:seg_scan_m0|seg_data[5]        ; 1       ;
; seg_scan:seg_scan_m0|seg_data[6]        ; 1       ;
; Total number of inverted registers = 15 ;         ;
+-----------------------------------------+---------+


+---------------------------------------------------------------------------------------------------------------------------------------------------------+
; Multiplexer Restructuring Statistics (Restructuring Performed)                                                                                          ;
+--------------------+-----------+---------------+----------------------+------------------------+------------+-------------------------------------------+
; Multiplexer Inputs ; Bus Width ; Baseline Area ; Area if Restructured ; Saving if Restructured ; Registered ; Example Multiplexer Output                ;
+--------------------+-----------+---------------+----------------------+------------------------+------------+-------------------------------------------+
; 3:1                ; 16 bits   ; 32 LEs        ; 32 LEs               ; 0 LEs                  ; Yes        ; |top|sap_register:sap_register_inst0|r[0] ;
; 16:1               ; 7 bits    ; 70 LEs        ; 21 LEs               ; 49 LEs                 ; Yes        ; |top|seg_scan:seg_scan_m0|seg_data[6]     ;
+--------------------+-----------+---------------+----------------------+------------------------+------------+-------------------------------------------+


+-------------------------------------------------------------------+
; Parameter Settings for User Entity Instance: seg_scan:seg_scan_m0 ;
+----------------+----------+---------------------------------------+
; Parameter Name ; Value    ; Type                                  ;
+----------------+----------+---------------------------------------+
; SCAN_FREQ      ; 200      ; Signed Integer                        ;
; CLK_FREQ       ; 50000000 ; Signed Integer                        ;
; SCAN_COUNT     ; 41665    ; Signed Integer                        ;
+----------------+----------+---------------------------------------+
Note: In order to hide this table in the UI and the text report file, please set the "Show Parameter Settings in Synthesis Report" option in "Analysis and Synthesis Settings -> More Settings" to "Off".


+------------------------------------------------------------------------------------------------------+
; Parameter Settings for User Entity Instance: clock_pulser:clock_pulser_inst0|debounce:debounce_inst0 ;
+----------------+----------+--------------------------------------------------------------------------+
; Parameter Name ; Value    ; Type                                                                     ;
+----------------+----------+--------------------------------------------------------------------------+
; DEBOUNCE_TIME  ; 50000000 ; Signed Integer                                                           ;
+----------------+----------+--------------------------------------------------------------------------+
Note: In order to hide this table in the UI and the text report file, please set the "Show Parameter Settings in Synthesis Report" option in "Analysis and Synthesis Settings -> More Settings" to "Off".


+----------------------------------------------------------------------------------------------------------------------------+
; Port Connectivity Checks: "clock_pulser:clock_pulser_inst0|debounce:debounce_inst0"                                        ;
+------------------+--------+----------+-------------------------------------------------------------------------------------+
; Port             ; Type   ; Severity ; Details                                                                             ;
+------------------+--------+----------+-------------------------------------------------------------------------------------+
; button_debounced ; Output ; Info     ; Connected to dangling logic. Logic that only feeds a dangling port will be removed. ;
+------------------+--------+----------+-------------------------------------------------------------------------------------+


+------------------------------------------------------------------------------------------------------------------------------------------------------------------------------------------------------------------------+
; Port Connectivity Checks: "seg_scan:seg_scan_m0"                                                                                                                                                                       ;
+------------------+-------+----------+----------------------------------------------------------------------------------------------------------------------------------------------------------------------------------+
; Port             ; Type  ; Severity ; Details                                                                                                                                                                          ;
+------------------+-------+----------+----------------------------------------------------------------------------------------------------------------------------------------------------------------------------------+
; seg_data_0[7]    ; Input ; Info     ; Stuck at VCC                                                                                                                                                                     ;
; seg_data_1[7]    ; Input ; Info     ; Stuck at VCC                                                                                                                                                                     ;
; seg_data_2       ; Input ; Warning  ; Input port expression (9 bits) is wider than the input port (8 bits) it drives.  The 1 most-significant bit(s) in the expression will be dangling if they have no other fanouts. ;
; seg_data_2[7..0] ; Input ; Info     ; Stuck at VCC                                                                                                                                                                     ;
; seg_data_3       ; Input ; Warning  ; Input port expression (9 bits) is wider than the input port (8 bits) it drives.  The 1 most-significant bit(s) in the expression will be dangling if they have no other fanouts. ;
; seg_data_3[7..0] ; Input ; Info     ; Stuck at VCC                                                                                                                                                                     ;
; seg_data_4       ; Input ; Warning  ; Input port expression (9 bits) is wider than the input port (8 bits) it drives.  The 1 most-significant bit(s) in the expression will be dangling if they have no other fanouts. ;
; seg_data_4[7..0] ; Input ; Info     ; Stuck at VCC                                                                                                                                                                     ;
; seg_data_5       ; Input ; Warning  ; Input port expression (9 bits) is wider than the input port (8 bits) it drives.  The 1 most-significant bit(s) in the expression will be dangling if they have no other fanouts. ;
; seg_data_5[7..0] ; Input ; Info     ; Stuck at VCC                                                                                                                                                                     ;
; seg_data_6[7]    ; Input ; Info     ; Stuck at VCC                                                                                                                                                                     ;
; seg_data_7[7]    ; Input ; Info     ; Stuck at VCC                                                                                                                                                                     ;
+------------------+-------+----------+----------------------------------------------------------------------------------------------------------------------------------------------------------------------------------+


+-----------------------------------------------------+
; Post-Synthesis Netlist Statistics for Top Partition ;
+-----------------------+-----------------------------+
; Type                  ; Count                       ;
+-----------------------+-----------------------------+
; boundary_port         ; 21                          ;
; cycloneiii_ff         ; 68                          ;
;     CLR               ; 18                          ;
;     CLR SCLR          ; 32                          ;
;     ENA               ; 8                           ;
;     ENA CLR           ; 1                           ;
;     ENA SLD           ; 8                           ;
;     plain             ; 1                           ;
; cycloneiii_lcell_comb ; 145                         ;
;     arith             ; 38                          ;
;         2 data inputs ; 38                          ;
;     normal            ; 107                         ;
;         0 data inputs ; 2                           ;
;         1 data inputs ; 18                          ;
;         2 data inputs ; 9                           ;
;         3 data inputs ; 17                          ;
;         4 data inputs ; 61                          ;
;                       ;                             ;
; Max LUT depth         ; 5.00                        ;
; Average LUT depth     ; 3.10                        ;
+-----------------------+-----------------------------+


+-------------------------------+
; Elapsed Time Per Partition    ;
+----------------+--------------+
; Partition Name ; Elapsed Time ;
+----------------+--------------+
; Top            ; 00:00:01     ;
+----------------+--------------+


+-------------------------------+
; Analysis & Synthesis Messages ;
+-------------------------------+
Info: *******************************************************************
Info: Running Quartus Prime Analysis & Synthesis
    Info: Version 22.1std.1 Build 917 02/14/2023 SC Lite Edition
    Info: Processing started: Sat Apr  1 15:07:01 2023
Info: Command: quartus_map --read_settings_files=on --write_settings_files=off SAP1 -c SAP1
Warning (18236): Number of processors has not been specified which may cause overloading on shared machines.  Set the global assignment NUM_PARALLEL_PROCESSORS in your QSF to an appropriate value for best performance.
Info (20030): Parallel compilation is enabled and will use 4 of the 4 processors detected
Info (12021): Found 1 design units, including 1 entities, in source file src/seg_scan.v
    Info (12023): Found entity 1: seg_scan File: C:/Users/loz/Development/8bitFPGA/sap_1_altera/src/seg_scan.v Line: 29
Info (12021): Found 1 design units, including 1 entities, in source file src/seg_decoder.v
    Info (12023): Found entity 1: seg_decoder File: C:/Users/loz/Development/8bitFPGA/sap_1_altera/src/seg_decoder.v Line: 29
Info (12021): Found 1 design units, including 1 entities, in source file src/top.v
    Info (12023): Found entity 1: top File: C:/Users/loz/Development/8bitFPGA/sap_1_altera/src/top.v Line: 1
Info (12021): Found 1 design units, including 1 entities, in source file src/sap_register.v
    Info (12023): Found entity 1: sap_register File: C:/Users/loz/Development/8bitFPGA/sap_1_altera/src/sap_register.v Line: 1
Info (12021): Found 1 design units, including 1 entities, in source file src/debounce.v
    Info (12023): Found entity 1: debounce File: C:/Users/loz/Development/8bitFPGA/sap_1_altera/src/debounce.v Line: 1
Info (12021): Found 1 design units, including 1 entities, in source file src/one_shot.v
    Info (12023): Found entity 1: one_shot File: C:/Users/loz/Development/8bitFPGA/sap_1_altera/src/one_shot.v Line: 1
Info (12021): Found 1 design units, including 1 entities, in source file src/clock_pulser.v
    Info (12023): Found entity 1: clock_pulser File: C:/Users/loz/Development/8bitFPGA/sap_1_altera/src/clock_pulser.v Line: 1
Info (12127): Elaborating entity "top" for the top level hierarchy
Warning (10230): Verilog HDL assignment warning at top.v(79): truncated value with size 32 to match size of target (8) File: C:/Users/loz/Development/8bitFPGA/sap_1_altera/src/top.v Line: 79
Info (12128): Elaborating entity "seg_decoder" for hierarchy "seg_decoder:seg_decoder_m0" File: C:/Users/loz/Development/8bitFPGA/sap_1_altera/src/top.v Line: 26
Info (12128): Elaborating entity "seg_scan" for hierarchy "seg_scan:seg_scan_m0" File: C:/Users/loz/Development/8bitFPGA/sap_1_altera/src/top.v Line: 58
Info (12128): Elaborating entity "clock_pulser" for hierarchy "clock_pulser:clock_pulser_inst0" File: C:/Users/loz/Development/8bitFPGA/sap_1_altera/src/top.v Line: 64
Info (12128): Elaborating entity "debounce" for hierarchy "clock_pulser:clock_pulser_inst0|debounce:debounce_inst0" File: C:/Users/loz/Development/8bitFPGA/sap_1_altera/src/clock_pulser.v Line: 22
Info (12128): Elaborating entity "one_shot" for hierarchy "clock_pulser:clock_pulser_inst0|one_shot:one_shot_inst0" File: C:/Users/loz/Development/8bitFPGA/sap_1_altera/src/clock_pulser.v Line: 28
Info (12128): Elaborating entity "sap_register" for hierarchy "sap_register:sap_register_inst0" File: C:/Users/loz/Development/8bitFPGA/sap_1_altera/src/top.v Line: 73
Warning (12241): 1 hierarchies have connectivity warnings - see the Connectivity Checks report folder
Warning (13046): Tri-state node(s) do not directly drive top-level pin(s)
    Warning (13047): Converted the fan-out from the tri-state buffer "w_bus[4]" to the node "seg_decoder:seg_decoder_m6|WideOr6" into an OR gate File: C:/Users/loz/Development/8bitFPGA/sap_1_altera/src/top.v Line: 17
    Warning (13047): Converted the fan-out from the tri-state buffer "w_bus[5]" to the node "seg_decoder:seg_decoder_m6|WideOr6" into an OR gate File: C:/Users/loz/Development/8bitFPGA/sap_1_altera/src/top.v Line: 17
    Warning (13047): Converted the fan-out from the tri-state buffer "w_bus[6]" to the node "seg_decoder:seg_decoder_m6|WideOr6" into an OR gate File: C:/Users/loz/Development/8bitFPGA/sap_1_altera/src/top.v Line: 17
    Warning (13047): Converted the fan-out from the tri-state buffer "w_bus[7]" to the node "seg_decoder:seg_decoder_m6|WideOr6" into an OR gate File: C:/Users/loz/Development/8bitFPGA/sap_1_altera/src/top.v Line: 17
    Warning (13047): Converted the fan-out from the tri-state buffer "w_bus[0]" to the node "seg_decoder:seg_decoder_m7|WideOr6" into an OR gate File: C:/Users/loz/Development/8bitFPGA/sap_1_altera/src/top.v Line: 17
    Warning (13047): Converted the fan-out from the tri-state buffer "w_bus[1]" to the node "seg_decoder:seg_decoder_m7|WideOr6" into an OR gate File: C:/Users/loz/Development/8bitFPGA/sap_1_altera/src/top.v Line: 17
    Warning (13047): Converted the fan-out from the tri-state buffer "w_bus[2]" to the node "seg_decoder:seg_decoder_m7|WideOr6" into an OR gate File: C:/Users/loz/Development/8bitFPGA/sap_1_altera/src/top.v Line: 17
    Warning (13047): Converted the fan-out from the tri-state buffer "w_bus[3]" to the node "seg_decoder:seg_decoder_m7|WideOr6" into an OR gate File: C:/Users/loz/Development/8bitFPGA/sap_1_altera/src/top.v Line: 17
Info (13000): Registers with preset signals will power-up high File: C:/Users/loz/Development/8bitFPGA/sap_1_altera/src/seg_scan.v Line: 79
Info (13003): DEV_CLRn pin will set, and not reset, register with preset signal due to NOT Gate Push-Back
Warning (13024): Output pins are stuck at VCC or GND
    Warning (13410): Pin "seg_data[7]" is stuck at VCC File: C:/Users/loz/Development/8bitFPGA/sap_1_altera/src/top.v Line: 9
Info (286030): Timing-Driven Synthesis is running
Info (16010): Generating hard_block partition "hard_block:auto_generated_inst"
    Info (16011): Adding 0 node(s), including 0 DDIO, 0 PLL, 0 transceiver and 0 LCELL
Info (21057): Implemented 152 device resources after synthesis - the final resource count might be different
    Info (21058): Implemented 5 input pins
    Info (21059): Implemented 16 output pins
    Info (21061): Implemented 131 logic cells
Info: Quartus Prime Analysis & Synthesis was successful. 0 errors, 14 warnings
    Info: Peak virtual memory: 4766 megabytes
    Info: Processing ended: Sat Apr  1 15:07:14 2023
    Info: Elapsed time: 00:00:13
    Info: Total CPU time (on all processors): 00:00:26


